0 info it worked if it ends with ok
1 verbose cli [ '/home/nrob/opt/node-v7.1.0-linux-x64/bin/node',
1 verbose cli   '/usr/local/bin/npm',
1 verbose cli   'publish' ]
2 info using npm@3.10.9
3 info using node@v7.1.0
4 verbose publish [ '.' ]
5 silly cache add args [ '.', null ]
6 verbose cache add spec .
7 silly cache add parsed spec Result {
7 silly cache add   raw: '.',
7 silly cache add   scope: null,
7 silly cache add   escapedName: null,
7 silly cache add   name: null,
7 silly cache add   rawSpec: '.',
7 silly cache add   spec: '/data/www/kwicks',
7 silly cache add   type: 'directory' }
8 verbose addLocalDirectory /home/nrob/.npm/kwicks/1.0.0/package.tgz not in flight; packing
9 verbose correctMkdir /home/nrob/.npm correctMkdir not in flight; initializing
10 info lifecycle kwicks@1.0.0~prepublish: kwicks@1.0.0
11 silly lifecycle kwicks@1.0.0~prepublish: no script for prepublish, continuing
12 verbose tar pack [ '/home/nrob/.npm/kwicks/1.0.0/package.tgz',
12 verbose tar pack   '/data/www/kwicks' ]
13 verbose tarball /home/nrob/.npm/kwicks/1.0.0/package.tgz
14 verbose folder /data/www/kwicks
15 verbose addLocalTarball adding from inside cache /home/nrob/.npm/kwicks/1.0.0/package.tgz
16 verbose correctMkdir /home/nrob/.npm correctMkdir not in flight; initializing
17 silly cache afterAdd kwicks@1.0.0
18 verbose afterAdd /home/nrob/.npm/kwicks/1.0.0/package/package.json not in flight; writing
19 verbose correctMkdir /home/nrob/.npm correctMkdir not in flight; initializing
20 verbose afterAdd /home/nrob/.npm/kwicks/1.0.0/package/package.json written
21 silly publish { name: 'kwicks',
21 silly publish   version: '1.0.0',
21 silly publish   description: 'kwicks jquery plugin',
21 silly publish   main: 'jquery.kwicks.js',
21 silly publish   directories: { example: 'examples' },
21 silly publish   scripts: { test: 'echo "Error: no test specified" && exit 1' },
21 silly publish   repository: { type: 'git', url: 'git+https://github.com/heal25/kwicks.git' },
21 silly publish   author: '',
21 silly publish   license: 'MIT',
21 silly publish   bugs: { url: 'https://github.com/heal25/kwicks/issues' },
21 silly publish   homepage: 'https://github.com/heal25/kwicks#readme',
21 silly publish   gitHead: 'a2f38acdb95682d5e114d391403d68f77b99f186',
21 silly publish   readme: 'ERROR: No README data found!',
21 silly publish   _id: 'kwicks@1.0.0',
21 silly publish   _shasum: 'cee18cb76573eb56d2bc74d36ed49c6ec6463370',
21 silly publish   _from: '.' }
22 verbose getPublishConfig undefined
23 silly mapToRegistry name kwicks
24 silly mapToRegistry using default registry
25 silly mapToRegistry registry https://registry.npmjs.org/
26 silly mapToRegistry data Result {
26 silly mapToRegistry   raw: 'kwicks',
26 silly mapToRegistry   scope: null,
26 silly mapToRegistry   escapedName: 'kwicks',
26 silly mapToRegistry   name: 'kwicks',
26 silly mapToRegistry   rawSpec: '',
26 silly mapToRegistry   spec: 'latest',
26 silly mapToRegistry   type: 'tag' }
27 silly mapToRegistry uri https://registry.npmjs.org/kwicks
28 verbose publish registryBase https://registry.npmjs.org/
29 silly publish uploading /home/nrob/.npm/kwicks/1.0.0/package.tgz
30 verbose stack Error: auth required for publishing
30 verbose stack     at CachingRegistryClient.publish (/home/nrob/opt/node-v7.1.0-linux-x64/lib/node_modules/npm/node_modules/npm-registry-client/lib/publish.js:30:14)
30 verbose stack     at /home/nrob/opt/node-v7.1.0-linux-x64/lib/node_modules/npm/lib/publish.js:138:14
30 verbose stack     at mapToRegistry (/home/nrob/opt/node-v7.1.0-linux-x64/lib/node_modules/npm/lib/utils/map-to-registry.js:62:3)
30 verbose stack     at publish_ (/home/nrob/opt/node-v7.1.0-linux-x64/lib/node_modules/npm/lib/publish.js:107:3)
30 verbose stack     at Array.<anonymous> (/home/nrob/opt/node-v7.1.0-linux-x64/lib/node_modules/npm/node_modules/slide/lib/bind-actor.js:15:8)
30 verbose stack     at LOOP (/home/nrob/opt/node-v7.1.0-linux-x64/lib/node_modules/npm/node_modules/slide/lib/chain.js:15:14)
30 verbose stack     at LOOP (/home/nrob/opt/node-v7.1.0-linux-x64/lib/node_modules/npm/node_modules/slide/lib/chain.js:14:28)
30 verbose stack     at chain (/home/nrob/opt/node-v7.1.0-linux-x64/lib/node_modules/npm/node_modules/slide/lib/chain.js:20:5)
30 verbose stack     at /home/nrob/opt/node-v7.1.0-linux-x64/lib/node_modules/npm/lib/publish.js:73:5
30 verbose stack     at RES (/home/nrob/opt/node-v7.1.0-linux-x64/lib/node_modules/npm/node_modules/inflight/inflight.js:23:14)
31 verbose cwd /data/www/kwicks
32 error Linux 3.19.0-32-generic
33 error argv "/home/nrob/opt/node-v7.1.0-linux-x64/bin/node" "/usr/local/bin/npm" "publish"
34 error node v7.1.0
35 error npm  v3.10.9
36 error code ENEEDAUTH
37 error need auth auth required for publishing
38 error need auth You need to authorize this machine using `npm adduser`
39 verbose exit [ 1, true ]
